==============================================================================
DataDriven Robot                                                              
==============================================================================
DataDriven Robot.TestCases                                                    
==============================================================================
DataDriven Robot.TestCases.LoginTest1                                         
==============================================================================
Invalid username                                                      | PASS |
------------------------------------------------------------------------------
Invalid password                                                      | PASS |
------------------------------------------------------------------------------
Special characters                                                    | PASS |
------------------------------------------------------------------------------
Invalid username pass                                                 | PASS |
------------------------------------------------------------------------------
DataDriven Robot.TestCases.LoginTest1                                 | PASS |
4 tests, 4 passed, 0 failed
==============================================================================
DataDriven Robot.TestCases                                            | PASS |
4 tests, 4 passed, 0 failed
==============================================================================
DataDriven Robot                                                      | PASS |
4 tests, 4 passed, 0 failed
==============================================================================
Output:  D:\RobotFramework-2\DataDriven_Robot\pabot_results\0\output.xml
