==============================================================================
SauceDemo Practice                                                            
==============================================================================
SauceDemo Practice.TestCases                                                  
==============================================================================
SauceDemo Practice.TestCases.CheckoutTest                                     
==============================================================================
Valid credentials                                                       
  Traceback (most recent call last):
    ~~~~~~~~~~~~~~~~~~~~~~~~~~~~~~~~~~~~~~~~~~~~~~~~~~~~~~~~~~~~~~~~~~~~~~~~~~
    File  D:\RobotFramework-2\SauceDemo_Practice\TestCases\CheckoutTest.robot:16
    T:  Valid credentials    
    ~~~~~~~~~~~~~~~~~~~~~~~~~~~~~~~~~~~~~~~~~~~~~~~~~~~~~~~~~~~~~~~~~~~~~~~~~~
    File  D:\RobotFramework-2\SauceDemo_Practice\TestCases\CheckoutTest.robot:19
      verify total    Firstname=Gayathri    Lastname=R    Zipcode=123456
    ~~~~~~~~~~~~~~~~~~~~~~~~~~~~~~~~~~~~~~~~~~~~~~~~~~~~~~~~~~~~~~~~~~~~~~~~~~
    File  D:\RobotFramework-2\SauceDemo_Practice\TestCases\CheckoutTest.robot:21
      Open the browser with url    
    ~~~~~~~~~~~~~~~~~~~~~~~~~~~~~~~~~~~~~~~~~~~~~~~~~~~~~~~~~~~~~~~~~~~~~~~~~~
    File  D:\RobotFramework-2\SauceDemo_Practice\Resources\GenericResources.robot:18
      Create Webdriver    ${browser}    options=${options}
      |  ${browser} = chrome (str)
      |  options=${options} = options=<selenium.webdriver.chrome.options.Options object at 0x0000029AD619B230> (str)
______________________________________________________________________________
| FAIL |
TypeError: 'module' object is not callable
------------------------------------------------------------------------------
SauceDemo Practice.TestCases.CheckoutTest                             | FAIL |
1 test, 0 passed, 1 failed
==============================================================================
SauceDemo Practice.TestCases                                          | FAIL |
1 test, 0 passed, 1 failed
==============================================================================
SauceDemo Practice                                                    | FAIL |
1 test, 0 passed, 1 failed
==============================================================================
Output:  D:\RobotFramework-2\SauceDemo_Practice\pabot_results\0\output.xml
